<?xml version="1.0" encoding="UTF-8"?>
<!-- Generated by org.testng.reporters.JUnitReportReporter -->
<testsuite hostname="Chethan" failures="0" tests="1" name="goodreads.GoodreadsUITest" time="19.342" errors="0" timestamp="2023-04-22T09:45:31 IST" skipped="0">
  <testcase classname="goodreads.GoodreadsUITest" name="validateBookFunctions" time="19.342"/>
  <system-out/>
</testsuite> <!-- goodreads.GoodreadsUITest -->
